<?xml version="1.0" encoding="UTF-8"?>
<testng-results ignored="0" total="2" passed="2" failed="0" skipped="0">
  <reporter-output>
  </reporter-output>
  <suite started-at="2023-12-14T11:56:15 IST" name="Default suite" finished-at="2023-12-14T11:58:15 IST" duration-ms="120331">
    <groups>
      <group name="cucumber">
        <method signature="AbstractTestNGCucumberTests.runScenario(io.cucumber.testng.PickleWrapper,io.cucumber.testng.FeatureWrapper)[pri:0, instance:Cucumber.TestNGTestRunner@2a265ea9]" name="runScenario" class="io.cucumber.testng.AbstractTestNGCucumberTests"/>
      </group> <!-- cucumber -->
    </groups>
    <test started-at="2023-12-14T11:56:15 IST" name="Default test" finished-at="2023-12-14T11:58:15 IST" duration-ms="120331">
      <class name="Cucumber.TestNGTestRunner">
        <test-method is-config="true" signature="setUpClass(org.testng.ITestContext)[pri:0, instance:Cucumber.TestNGTestRunner@2a265ea9]" started-at="2023-12-14T11:56:15 IST" name="setUpClass" finished-at="2023-12-14T11:56:15 IST" duration-ms="543" status="PASS">
          <params>
            <param index="0">
              <value>
                <![CDATA[org.testng.TestRunner@4733f6f5]]>
              </value>
            </param>
          </params>
          <reporter-output>
          </reporter-output>
        </test-method> <!-- setUpClass -->
        <test-method signature="runScenario(io.cucumber.testng.PickleWrapper,io.cucumber.testng.FeatureWrapper)[pri:0, instance:Cucumber.TestNGTestRunner@2a265ea9]" started-at="2023-12-14T11:56:15 IST" name="runScenario" description="Runs Cucumber Scenarios" data-provider="scenarios" finished-at="2023-12-14T11:57:40 IST" duration-ms="84601" status="PASS">
          <params>
            <param index="0">
              <value>
                <![CDATA["Search iphone and add to cart"]]>
              </value>
            </param>
            <param index="1">
              <value>
                <![CDATA["Add iphone to cart"]]>
              </value>
            </param>
          </params>
          <reporter-output>
          </reporter-output>
        </test-method> <!-- runScenario -->
        <test-method signature="runScenario(io.cucumber.testng.PickleWrapper,io.cucumber.testng.FeatureWrapper)[pri:0, instance:Cucumber.TestNGTestRunner@2a265ea9]" started-at="2023-12-14T11:57:40 IST" name="runScenario" description="Runs Cucumber Scenarios" data-provider="scenarios" finished-at="2023-12-14T11:58:15 IST" duration-ms="35132" status="PASS">
          <params>
            <param index="0">
              <value>
                <![CDATA["Search phone and apply filter"]]>
              </value>
            </param>
            <param index="1">
              <value>
                <![CDATA["Add iphone to cart"]]>
              </value>
            </param>
          </params>
          <reporter-output>
          </reporter-output>
        </test-method> <!-- runScenario -->
        <test-method is-config="true" signature="tearDownClass()[pri:0, instance:Cucumber.TestNGTestRunner@2a265ea9]" started-at="2023-12-14T11:58:15 IST" name="tearDownClass" finished-at="2023-12-14T11:58:15 IST" duration-ms="27" status="PASS">
          <reporter-output>
          </reporter-output>
        </test-method> <!-- tearDownClass -->
      </class> <!-- Cucumber.TestNGTestRunner -->
    </test> <!-- Default test -->
  </suite> <!-- Default suite -->
</testng-results>
